==1014562== Memcheck, a memory error detector
==1014562== Copyright (C) 2002-2017, and GNU GPL'd, by Julian Seward et al.
==1014562== Using Valgrind-3.18.1-42b08ed5bd-20211015 and LibVEX; rerun with -h for copyright info
==1014562== Command: ./minishell
==1014562== Parent PID: 978587
==1014562== 
--1014562-- 
--1014562-- Valgrind options:
--1014562--    --leak-check=full
--1014562--    --show-leak-kinds=all
--1014562--    --track-origins=yes
--1014562--    --verbose
--1014562--    --log-file=valgrind.log
--1014562--    --suppressions=readline.supp
--1014562-- Contents of /proc/version:
--1014562--   Linux version 5.15.0-125-generic (buildd@lcy02-amd64-040) (gcc (Ubuntu 11.4.0-1ubuntu1~22.04) 11.4.0, GNU ld (GNU Binutils for Ubuntu) 2.38) #135-Ubuntu SMP Fri Sep 27 13:53:58 UTC 2024
--1014562-- 
--1014562-- Arch and hwcaps: AMD64, LittleEndian, amd64-cx16-lzcnt-rdtscp-sse3-ssse3-avx-avx2-bmi-f16c-rdrand-rdseed
--1014562-- Page sizes: currently 4096, max supported 4096
--1014562-- Valgrind library directory: /usr/libexec/valgrind
--1014562-- Reading syms from /home/shebaz/Desktop/minishell_1/minishell
--1014562-- Reading syms from /usr/lib/x86_64-linux-gnu/ld-linux-x86-64.so.2
--1014562--   Considering /usr/lib/debug/.build-id/41/86944c50f8a32b47d74931e3f512b811813b64.debug ..
--1014562--   .. build-id is valid
--1014562-- Reading syms from /usr/libexec/valgrind/memcheck-amd64-linux
--1014562--    object doesn't have a symbol table
--1014562--    object doesn't have a dynamic symbol table
--1014562-- Scheduler: using generic scheduler lock implementation.
--1014562-- Reading suppressions file: readline.supp
--1014562-- Reading suppressions file: /usr/libexec/valgrind/default.supp
==1014562== embedded gdbserver: reading from /tmp/vgdb-pipe-from-vgdb-to-1014562-by-shebaz-on-???
==1014562== embedded gdbserver: writing to   /tmp/vgdb-pipe-to-vgdb-from-1014562-by-shebaz-on-???
==1014562== embedded gdbserver: shared mem   /tmp/vgdb-pipe-shared-mem-vgdb-1014562-by-shebaz-on-???
==1014562== 
==1014562== TO CONTROL THIS PROCESS USING vgdb (which you probably
==1014562== don't want to do, unless you know exactly what you're doing,
==1014562== or are doing some strange experiment):
==1014562==   /usr/bin/vgdb --pid=1014562 ...command...
==1014562== 
==1014562== TO DEBUG THIS PROCESS USING GDB: start GDB like this
==1014562==   /path/to/gdb ./minishell
==1014562== and then give GDB the following command
==1014562==   target remote | /usr/bin/vgdb --pid=1014562
==1014562== --pid is optional if only one valgrind process is running
==1014562== 
--1014562-- REDIR: 0x402aa40 (ld-linux-x86-64.so.2:strlen) redirected to 0x580bcec2 (???)
--1014562-- REDIR: 0x402a810 (ld-linux-x86-64.so.2:index) redirected to 0x580bcedc (???)
--1014562-- Reading syms from /usr/libexec/valgrind/vgpreload_core-amd64-linux.so
--1014562--    object doesn't have a symbol table
--1014562-- Reading syms from /usr/libexec/valgrind/vgpreload_memcheck-amd64-linux.so
--1014562--    object doesn't have a symbol table
==1014562== WARNING: new redirection conflicts with existing -- ignoring it
--1014562--     old: 0x0402aa40 (strlen              ) R-> (0000.0) 0x580bcec2 ???
--1014562--     new: 0x0402aa40 (strlen              ) R-> (2007.0) 0x0484ee30 strlen
--1014562-- REDIR: 0x4027220 (ld-linux-x86-64.so.2:strcmp) redirected to 0x484fcd0 (strcmp)
--1014562-- REDIR: 0x402afa0 (ld-linux-x86-64.so.2:mempcpy) redirected to 0x4853840 (mempcpy)
--1014562-- Reading syms from /usr/lib/x86_64-linux-gnu/libreadline.so.8.1
--1014562--    object doesn't have a symbol table
--1014562-- Reading syms from /usr/lib/x86_64-linux-gnu/libc.so.6
--1014562--   Considering /usr/lib/debug/.build-id/49/0fef8403240c91833978d494d39e537409b92e.debug ..
--1014562--   .. build-id is valid
==1014562== WARNING: new redirection conflicts with existing -- ignoring it
--1014562--     old: 0x0496ac60 (memalign            ) R-> (1011.0) 0x0484e080 memalign
--1014562--     new: 0x0496ac60 (memalign            ) R-> (1017.0) 0x0484e050 aligned_alloc
==1014562== WARNING: new redirection conflicts with existing -- ignoring it
--1014562--     old: 0x0496ac60 (memalign            ) R-> (1011.0) 0x0484e080 memalign
--1014562--     new: 0x0496ac60 (memalign            ) R-> (1017.0) 0x0484e020 aligned_alloc
==1014562== WARNING: new redirection conflicts with existing -- ignoring it
--1014562--     old: 0x0496ac60 (memalign            ) R-> (1011.0) 0x0484e080 memalign
--1014562--     new: 0x0496ac60 (memalign            ) R-> (1017.0) 0x0484e050 aligned_alloc
==1014562== WARNING: new redirection conflicts with existing -- ignoring it
--1014562--     old: 0x0496ac60 (memalign            ) R-> (1011.0) 0x0484e080 memalign
--1014562--     new: 0x0496ac60 (memalign            ) R-> (1017.0) 0x0484e020 aligned_alloc
--1014562-- Reading syms from /usr/lib/x86_64-linux-gnu/libtinfo.so.6.3
--1014562--    object doesn't have a symbol table
--1014562-- REDIR: 0x496d720 (libc.so.6:strnlen) redirected to 0x483f220 (_vgnU_ifunc_wrapper)
--1014562-- REDIR: 0x496d9e0 (libc.so.6:strpbrk) redirected to 0x483f220 (_vgnU_ifunc_wrapper)
--1014562-- REDIR: 0x496d2e0 (libc.so.6:strcmp) redirected to 0x483f220 (_vgnU_ifunc_wrapper)
--1014562-- REDIR: 0x498bcd0 (libc.so.6:wcsnlen) redirected to 0x483f220 (_vgnU_ifunc_wrapper)
--1014562-- REDIR: 0x496e6d0 (libc.so.6:memset) redirected to 0x483f220 (_vgnU_ifunc_wrapper)
--1014562-- REDIR: 0x498a540 (libc.so.6:wcslen) redirected to 0x483f220 (_vgnU_ifunc_wrapper)
--1014562-- REDIR: 0x496ec10 (libc.so.6:memcpy@@GLIBC_2.14) redirected to 0x483f220 (_vgnU_ifunc_wrapper)
--1014562-- REDIR: 0x498a370 (libc.so.6:wcschr) redirected to 0x483f220 (_vgnU_ifunc_wrapper)
--1014562-- REDIR: 0x496d260 (libc.so.6:index) redirected to 0x483f220 (_vgnU_ifunc_wrapper)
--1014562-- REDIR: 0x496d960 (libc.so.6:rindex) redirected to 0x483f220 (_vgnU_ifunc_wrapper)
--1014562-- REDIR: 0x496e5a0 (libc.so.6:memmove) redirected to 0x483f220 (_vgnU_ifunc_wrapper)
==1014562== Preferring higher priority redirection:
--1014562--     old: 0x04a657c0 (__memcpy_avx_unalign) R-> (2018.0) 0x04850f90 __memcpy_avx_unaligned_erms
--1014562--     new: 0x04a657c0 (__memcpy_avx_unalign) R-> (2018.1) 0x04852880 memmove
--1014562-- REDIR: 0x498a3f0 (libc.so.6:wcscmp) redirected to 0x483f220 (_vgnU_ifunc_wrapper)
--1014562-- REDIR: 0x496e9e0 (libc.so.6:stpncpy) redirected to 0x483f220 (_vgnU_ifunc_wrapper)
--1014562-- REDIR: 0x498a9b0 (libc.so.6:wmemchr) redirected to 0x483f220 (_vgnU_ifunc_wrapper)
--1014562-- REDIR: 0x496d830 (libc.so.6:strncmp) redirected to 0x483f220 (_vgnU_ifunc_wrapper)
--1014562-- REDIR: 0x496ea70 (libc.so.6:strcasecmp) redirected to 0x483f220 (_vgnU_ifunc_wrapper)
--1014562-- REDIR: 0x496d420 (libc.so.6:strcspn) redirected to 0x483f220 (_vgnU_ifunc_wrapper)
--1014562-- REDIR: 0x498a470 (libc.so.6:wcscpy) redirected to 0x483f220 (_vgnU_ifunc_wrapper)
--1014562-- REDIR: 0x496d1d0 (libc.so.6:strcat) redirected to 0x483f220 (_vgnU_ifunc_wrapper)
--1014562-- REDIR: 0x496eb60 (libc.so.6:strncasecmp_l) redirected to 0x483f220 (_vgnU_ifunc_wrapper)
--1014562-- REDIR: 0x496e480 (libc.so.6:bcmp) redirected to 0x483f220 (_vgnU_ifunc_wrapper)
--1014562-- REDIR: 0x4976570 (libc.so.6:memrchr) redirected to 0x483f220 (_vgnU_ifunc_wrapper)
--1014562-- REDIR: 0x4970010 (libc.so.6:strchrnul) redirected to 0x483f220 (_vgnU_ifunc_wrapper)
--1014562-- REDIR: 0x496d390 (libc.so.6:strcpy) redirected to 0x483f220 (_vgnU_ifunc_wrapper)
--1014562-- REDIR: 0x496eb10 (libc.so.6:strcasecmp_l) redirected to 0x483f220 (_vgnU_ifunc_wrapper)
--1014562-- REDIR: 0x496d6a0 (libc.so.6:strlen) redirected to 0x483f220 (_vgnU_ifunc_wrapper)
--1014562-- REDIR: 0x496d8d0 (libc.so.6:strncpy) redirected to 0x483f220 (_vgnU_ifunc_wrapper)
--1014562-- REDIR: 0x496e950 (libc.so.6:stpcpy) redirected to 0x483f220 (_vgnU_ifunc_wrapper)
--1014562-- REDIR: 0x496e3f0 (libc.so.6:memchr) redirected to 0x483f220 (_vgnU_ifunc_wrapper)
--1014562-- REDIR: 0x496db00 (libc.so.6:strspn) redirected to 0x483f220 (_vgnU_ifunc_wrapper)
--1014562-- REDIR: 0x496e7d0 (libc.so.6:mempcpy) redirected to 0x483f220 (_vgnU_ifunc_wrapper)
--1014562-- REDIR: 0x496eac0 (libc.so.6:strncasecmp) redirected to 0x483f220 (_vgnU_ifunc_wrapper)
--1014562-- REDIR: 0x496ff80 (libc.so.6:rawmemchr) redirected to 0x483f220 (_vgnU_ifunc_wrapper)
--1014562-- REDIR: 0x496d7a0 (libc.so.6:strncat) redirected to 0x483f220 (_vgnU_ifunc_wrapper)
--1014562-- REDIR: 0x49f9280 (libc.so.6:__memcpy_chk) redirected to 0x483f220 (_vgnU_ifunc_wrapper)
--1014562-- REDIR: 0x496e310 (libc.so.6:strstr) redirected to 0x483f220 (_vgnU_ifunc_wrapper)
--1014562-- REDIR: 0x4a62610 (libc.so.6:__strrchr_avx2) redirected to 0x484e810 (rindex)
--1014562-- REDIR: 0x496a0a0 (libc.so.6:malloc) redirected to 0x4848820 (malloc)
--1014562-- REDIR: 0x496a3e0 (libc.so.6:free) redirected to 0x484b210 (free)
--1014562-- REDIR: 0x4a627e0 (libc.so.6:__strlen_avx2) redirected to 0x484ed10 (strlen)
--1014562-- REDIR: 0x4a657c0 (libc.so.6:__memcpy_avx_unaligned_erms) redirected to 0x4852880 (memmove)
--1014562-- REDIR: 0x4a5d800 (libc.so.6:__strspn_sse42) redirected to 0x4853d50 (strspn)
--1014562-- REDIR: 0x4a5d5a0 (libc.so.6:__strcspn_sse42) redirected to 0x4853c70 (strcspn)
--1014562-- REDIR: 0x4a62400 (libc.so.6:__strchrnul_avx2) redirected to 0x4853330 (strchrnul)
--1014562-- REDIR: 0x490a150 (libc.so.6:setenv) redirected to 0x48542d0 (setenv)
--1014562-- REDIR: 0x4a62180 (libc.so.6:__strchr_avx2) redirected to 0x484e9f0 (index)
--1014562-- REDIR: 0x4a5dd80 (libc.so.6:__strncmp_avx2) redirected to 0x484f3e0 (strncmp)
--1014562-- REDIR: 0x496a740 (libc.so.6:realloc) redirected to 0x484dc50 (realloc)
--1014562-- REDIR: 0x4a65780 (libc.so.6:__mempcpy_avx_unaligned_erms) redirected to 0x4853440 (mempcpy)
--1014562-- REDIR: 0x4a5d940 (libc.so.6:__strcmp_avx2) redirected to 0x484fbd0 (strcmp)
--1014562-- REDIR: 0x496b520 (libc.so.6:calloc) redirected to 0x484d9d0 (calloc)
--1014562-- REDIR: 0x4a62960 (libc.so.6:__strnlen_avx2) redirected to 0x484ecb0 (strnlen)
--1014562-- REDIR: 0x4a63cb0 (libc.so.6:__strcpy_avx2) redirected to 0x484ee60 (strcpy)
--1014562-- REDIR: 0x496dfc0 (libc.so.6:__GI_strstr) redirected to 0x4853ae0 (__strstr_sse2)
--1014562-- REDIR: 0x4a65790 (libc.so.6:__memcpy_chk_avx_unaligned_erms) redirected to 0x4853940 (__memcpy_chk)
--1014562-- REDIR: 0x4a65f80 (libc.so.6:__memset_avx2_unaligned_erms) redirected to 0x4852770 (memset)
--1014562-- REDIR: 0x4a64040 (libc.so.6:__strncpy_avx2) redirected to 0x484efe0 (strncpy)
--1014562-- REDIR: 0x4a5e2c0 (libc.so.6:__memchr_avx2) redirected to 0x484fd50 (memchr)
--1014562-- REDIR: 0x4a649a0 (libc.so.6:__stpcpy_avx2) redirected to 0x4852130 (stpcpy)
--1014562-- REDIR: 0x4a5f130 (libc.so.6:__strcasecmp_avx) redirected to 0x484f560 (strcasecmp)
--1014562-- REDIR: 0x4a607b0 (libc.so.6:__strncasecmp_avx) redirected to 0x484f640 (strncasecmp)
--1014562-- REDIR: 0x4a5ea80 (libc.so.6:__memcmp_avx2_movbe) redirected to 0x4852010 (bcmp)
--1014562-- REDIR: 0x4a62c30 (libc.so.6:__strcat_avx2) redirected to 0x484ea20 (strcat)
==1014562== 
==1014562== HEAP SUMMARY:
==1014562==     in use at exit: 211,820 bytes in 381 blocks
==1014562==   total heap usage: 1,027 allocs, 646 frees, 239,626 bytes allocated
==1014562== 
==1014562== Searching for pointers to 381 not-freed blocks
==1014562== Checked 246,152 bytes
==1014562== 
==1014562== 16 bytes in 1 blocks are indirectly lost in loss record 13 of 72
==1014562==    at 0x4848899: malloc (in /usr/libexec/valgrind/vgpreload_memcheck-amd64-linux.so)
==1014562==    by 0x10E2D1: ft_malloc (in /home/shebaz/Desktop/minishell_1/minishell)
==1014562==    by 0x11237D: init_shell (in /home/shebaz/Desktop/minishell_1/minishell)
==1014562==    by 0x1127C2: init_box (in /home/shebaz/Desktop/minishell_1/minishell)
==1014562==    by 0x112817: initialisation (in /home/shebaz/Desktop/minishell_1/minishell)
==1014562==    by 0x112A44: main (in /home/shebaz/Desktop/minishell_1/minishell)
==1014562== 
==1014562== 694 bytes in 51 blocks are indirectly lost in loss record 30 of 72
==1014562==    at 0x4848899: malloc (in /usr/libexec/valgrind/vgpreload_memcheck-amd64-linux.so)
==1014562==    by 0x10E2D1: ft_malloc (in /home/shebaz/Desktop/minishell_1/minishell)
==1014562==    by 0x10A247: ft_strdup (in /home/shebaz/Desktop/minishell_1/minishell)
==1014562==    by 0x112410: create__node (in /home/shebaz/Desktop/minishell_1/minishell)
==1014562==    by 0x112572: process_env_entry (in /home/shebaz/Desktop/minishell_1/minishell)
==1014562==    by 0x1128BC: init_env (in /home/shebaz/Desktop/minishell_1/minishell)
==1014562==    by 0x1127B6: init_box (in /home/shebaz/Desktop/minishell_1/minishell)
==1014562==    by 0x112817: initialisation (in /home/shebaz/Desktop/minishell_1/minishell)
==1014562==    by 0x112A44: main (in /home/shebaz/Desktop/minishell_1/minishell)
==1014562== 
==1014562== 1,197 bytes in 51 blocks are indirectly lost in loss record 41 of 72
==1014562==    at 0x4848899: malloc (in /usr/libexec/valgrind/vgpreload_memcheck-amd64-linux.so)
==1014562==    by 0x10E2D1: ft_malloc (in /home/shebaz/Desktop/minishell_1/minishell)
==1014562==    by 0x10A247: ft_strdup (in /home/shebaz/Desktop/minishell_1/minishell)
==1014562==    by 0x112423: create__node (in /home/shebaz/Desktop/minishell_1/minishell)
==1014562==    by 0x112572: process_env_entry (in /home/shebaz/Desktop/minishell_1/minishell)
==1014562==    by 0x1128BC: init_env (in /home/shebaz/Desktop/minishell_1/minishell)
==1014562==    by 0x1127B6: init_box (in /home/shebaz/Desktop/minishell_1/minishell)
==1014562==    by 0x112817: initialisation (in /home/shebaz/Desktop/minishell_1/minishell)
==1014562==    by 0x112A44: main (in /home/shebaz/Desktop/minishell_1/minishell)
==1014562== 
==1014562== 1,632 bytes in 51 blocks are indirectly lost in loss record 43 of 72
==1014562==    at 0x4848899: malloc (in /usr/libexec/valgrind/vgpreload_memcheck-amd64-linux.so)
==1014562==    by 0x10E2D1: ft_malloc (in /home/shebaz/Desktop/minishell_1/minishell)
==1014562==    by 0x1123E0: create__node (in /home/shebaz/Desktop/minishell_1/minishell)
==1014562==    by 0x112572: process_env_entry (in /home/shebaz/Desktop/minishell_1/minishell)
==1014562==    by 0x1128BC: init_env (in /home/shebaz/Desktop/minishell_1/minishell)
==1014562==    by 0x1127B6: init_box (in /home/shebaz/Desktop/minishell_1/minishell)
==1014562==    by 0x112817: initialisation (in /home/shebaz/Desktop/minishell_1/minishell)
==1014562==    by 0x112A44: main (in /home/shebaz/Desktop/minishell_1/minishell)
==1014562== 
==1014562== 3,579 (40 direct, 3,539 indirect) bytes in 1 blocks are definitely lost in loss record 47 of 72
==1014562==    at 0x4848899: malloc (in /usr/libexec/valgrind/vgpreload_memcheck-amd64-linux.so)
==1014562==    by 0x10E2D1: ft_malloc (in /home/shebaz/Desktop/minishell_1/minishell)
==1014562==    by 0x112A21: main (in /home/shebaz/Desktop/minishell_1/minishell)
==1014562== 
==1014562== LEAK SUMMARY:
==1014562==    definitely lost: 40 bytes in 1 blocks
==1014562==    indirectly lost: 3,539 bytes in 154 blocks
==1014562==      possibly lost: 0 bytes in 0 blocks
==1014562==    still reachable: 0 bytes in 0 blocks
==1014562==         suppressed: 208,241 bytes in 226 blocks
==1014562== 
==1014562== ERROR SUMMARY: 1 errors from 1 contexts (suppressed: 1 from 1)
--1014562-- 
--1014562-- used_suppression:     63 <leaks_readline> readline.supp:2 suppressed: 204,175 bytes in 222 blocks
--1014562-- used_suppression:      4 <leaks_add_history> readline.supp:8 suppressed: 4,066 bytes in 4 blocks
==1014562== 
==1014562== ERROR SUMMARY: 1 errors from 1 contexts (suppressed: 1 from 1)
